ARM GAS  C:\Users\Samay\AppData\Local\Temp\ccCnL6e5.s 			page 1


   1              		.cpu cortex-m0
   2              		.fpu softvfp
   3              		.eabi_attribute 20, 1
   4              		.eabi_attribute 21, 1
   5              		.eabi_attribute 23, 3
   6              		.eabi_attribute 24, 1
   7              		.eabi_attribute 25, 1
   8              		.eabi_attribute 26, 1
   9              		.eabi_attribute 30, 6
  10              		.eabi_attribute 34, 0
  11              		.eabi_attribute 18, 4
  12              		.code	16
  13              		.file	"BLE_custom.c"
  14              		.text
  15              	.Ltext0:
  16              		.cfi_sections	.debug_frame
  17              		.global	cyBle_customs
  18              		.section	.rodata
  19              		.align	2
  20              		.type	cyBle_customs, %object
  21              		.size	cyBle_customs, 8
  22              	cyBle_customs:
  23 0000 0C00     		.short	12
  24 0002 0E00     		.short	14
  25 0004 0F00     		.short	15
  26 0006 1000     		.short	16
  27              		.section	.text.CyBle_CustomInit,"ax",%progbits
  28              		.align	2
  29              		.global	CyBle_CustomInit
  30              		.code	16
  31              		.thumb_func
  32              		.type	CyBle_CustomInit, %function
  33              	CyBle_CustomInit:
  34              	.LFB2:
  35              		.file 1 "Generated_Source\\PSoC4\\BLE_custom.c"
   1:Generated_Source\PSoC4/BLE_custom.c **** /***************************************************************************//**
   2:Generated_Source\PSoC4/BLE_custom.c **** * \file CYBLE_custom.c
   3:Generated_Source\PSoC4/BLE_custom.c **** * \version 3.30
   4:Generated_Source\PSoC4/BLE_custom.c **** * 
   5:Generated_Source\PSoC4/BLE_custom.c **** * \brief
   6:Generated_Source\PSoC4/BLE_custom.c **** *  Contains the source code for the Custom Service.
   7:Generated_Source\PSoC4/BLE_custom.c **** * 
   8:Generated_Source\PSoC4/BLE_custom.c **** ********************************************************************************
   9:Generated_Source\PSoC4/BLE_custom.c **** * \copyright
  10:Generated_Source\PSoC4/BLE_custom.c **** * Copyright 2014-2016, Cypress Semiconductor Corporation.  All rights reserved.
  11:Generated_Source\PSoC4/BLE_custom.c **** * You may use this file only in accordance with the license, terms, conditions,
  12:Generated_Source\PSoC4/BLE_custom.c **** * disclaimers, and limitations in the end user license agreement accompanying
  13:Generated_Source\PSoC4/BLE_custom.c **** * the software package with which this file was provided.
  14:Generated_Source\PSoC4/BLE_custom.c **** *******************************************************************************/
  15:Generated_Source\PSoC4/BLE_custom.c **** 
  16:Generated_Source\PSoC4/BLE_custom.c **** 
  17:Generated_Source\PSoC4/BLE_custom.c **** #include "BLE_eventHandler.h"
  18:Generated_Source\PSoC4/BLE_custom.c **** 
  19:Generated_Source\PSoC4/BLE_custom.c **** #ifdef CYBLE_CUSTOM_SERVER
  20:Generated_Source\PSoC4/BLE_custom.c **** 
  21:Generated_Source\PSoC4/BLE_custom.c **** /* If any custom service with custom characterisctis is defined in the
  22:Generated_Source\PSoC4/BLE_custom.c **** * customizer's GUI their handles will be present in this array.
ARM GAS  C:\Users\Samay\AppData\Local\Temp\ccCnL6e5.s 			page 2


  23:Generated_Source\PSoC4/BLE_custom.c **** */
  24:Generated_Source\PSoC4/BLE_custom.c **** /* This array contains attribute handles for the defined Custom Services and their characteristics 
  25:Generated_Source\PSoC4/BLE_custom.c ****    The array index definitions are located in the CYBLE_custom.h file. */
  26:Generated_Source\PSoC4/BLE_custom.c **** const CYBLE_CUSTOMS_T cyBle_customs[0x01u] = {
  27:Generated_Source\PSoC4/BLE_custom.c **** 
  28:Generated_Source\PSoC4/BLE_custom.c ****     /* SendData service */
  29:Generated_Source\PSoC4/BLE_custom.c ****     {
  30:Generated_Source\PSoC4/BLE_custom.c ****         0x000Cu, /* Handle of the SendData service */ 
  31:Generated_Source\PSoC4/BLE_custom.c ****         {
  32:Generated_Source\PSoC4/BLE_custom.c **** 
  33:Generated_Source\PSoC4/BLE_custom.c ****             /* Data characteristic */
  34:Generated_Source\PSoC4/BLE_custom.c ****             {
  35:Generated_Source\PSoC4/BLE_custom.c ****                 0x000Eu, /* Handle of the Data characteristic */ 
  36:Generated_Source\PSoC4/BLE_custom.c ****                 
  37:Generated_Source\PSoC4/BLE_custom.c ****                 /* Array of Descriptors handles */
  38:Generated_Source\PSoC4/BLE_custom.c ****                 {
  39:Generated_Source\PSoC4/BLE_custom.c ****                     0x000Fu, /* Handle of the Custom Descriptor descriptor */ 
  40:Generated_Source\PSoC4/BLE_custom.c ****                     0x0010u, /* Handle of the Client Characteristic Configuration descriptor */ 
  41:Generated_Source\PSoC4/BLE_custom.c ****                 }, 
  42:Generated_Source\PSoC4/BLE_custom.c ****             },
  43:Generated_Source\PSoC4/BLE_custom.c ****         }, 
  44:Generated_Source\PSoC4/BLE_custom.c ****     },
  45:Generated_Source\PSoC4/BLE_custom.c **** };
  46:Generated_Source\PSoC4/BLE_custom.c **** 
  47:Generated_Source\PSoC4/BLE_custom.c **** 
  48:Generated_Source\PSoC4/BLE_custom.c **** #endif /* (CYBLE_CUSTOM_SERVER) */
  49:Generated_Source\PSoC4/BLE_custom.c **** 
  50:Generated_Source\PSoC4/BLE_custom.c **** #ifdef CYBLE_CUSTOM_CLIENT
  51:Generated_Source\PSoC4/BLE_custom.c ****     
  52:Generated_Source\PSoC4/BLE_custom.c **** 
  53:Generated_Source\PSoC4/BLE_custom.c **** static uint16 cyBle_customDisServIndex;
  54:Generated_Source\PSoC4/BLE_custom.c **** static uint16 cyBle_customDisCharIndex;
  55:Generated_Source\PSoC4/BLE_custom.c **** 
  56:Generated_Source\PSoC4/BLE_custom.c **** #endif /* (CYBLE_CUSTOM_CLIENT) */
  57:Generated_Source\PSoC4/BLE_custom.c **** 
  58:Generated_Source\PSoC4/BLE_custom.c **** 
  59:Generated_Source\PSoC4/BLE_custom.c **** /****************************************************************************** 
  60:Generated_Source\PSoC4/BLE_custom.c **** * Function Name: CyBle_CustomInit
  61:Generated_Source\PSoC4/BLE_custom.c **** ***************************************************************************//**
  62:Generated_Source\PSoC4/BLE_custom.c **** * 
  63:Generated_Source\PSoC4/BLE_custom.c **** *  This function initializes Custom Service.
  64:Generated_Source\PSoC4/BLE_custom.c **** * 
  65:Generated_Source\PSoC4/BLE_custom.c **** * \return
  66:Generated_Source\PSoC4/BLE_custom.c **** *  None
  67:Generated_Source\PSoC4/BLE_custom.c **** * 
  68:Generated_Source\PSoC4/BLE_custom.c **** ******************************************************************************/
  69:Generated_Source\PSoC4/BLE_custom.c **** void CyBle_CustomInit(void)
  70:Generated_Source\PSoC4/BLE_custom.c **** {
  36              		.loc 1 70 0
  37              		.cfi_startproc
  38 0000 80B5     		push	{r7, lr}
  39              		.cfi_def_cfa_offset 8
  40              		.cfi_offset 7, -8
  41              		.cfi_offset 14, -4
  42 0002 00AF     		add	r7, sp, #0
  43              		.cfi_def_cfa_register 7
  71:Generated_Source\PSoC4/BLE_custom.c ****     
ARM GAS  C:\Users\Samay\AppData\Local\Temp\ccCnL6e5.s 			page 3


  72:Generated_Source\PSoC4/BLE_custom.c **** #ifdef CYBLE_CUSTOM_CLIENT
  73:Generated_Source\PSoC4/BLE_custom.c **** 
  74:Generated_Source\PSoC4/BLE_custom.c ****     uint16 locServIndex;
  75:Generated_Source\PSoC4/BLE_custom.c ****     uint16 locCharIndex;
  76:Generated_Source\PSoC4/BLE_custom.c ****     uint16 locDescIndex;
  77:Generated_Source\PSoC4/BLE_custom.c ****     
  78:Generated_Source\PSoC4/BLE_custom.c ****     for(locServIndex = 0u; locServIndex < CYBLE_CUSTOMC_SERVICE_COUNT; locServIndex++)
  79:Generated_Source\PSoC4/BLE_custom.c ****     {
  80:Generated_Source\PSoC4/BLE_custom.c ****         if(cyBle_serverInfo[CYBLE_SRVI_CUSTOMS + locServIndex].range.startHandle == CYBLE_GATT_INVA
  81:Generated_Source\PSoC4/BLE_custom.c ****         {
  82:Generated_Source\PSoC4/BLE_custom.c ****             for(locCharIndex = 0u; locCharIndex < cyBle_customCServ[locServIndex].charCount; locCha
  83:Generated_Source\PSoC4/BLE_custom.c ****             {
  84:Generated_Source\PSoC4/BLE_custom.c ****                 cyBle_customCServ[locServIndex].customServChar[locCharIndex].
  85:Generated_Source\PSoC4/BLE_custom.c ****                     customServCharHandle = 0u;
  86:Generated_Source\PSoC4/BLE_custom.c ****                 
  87:Generated_Source\PSoC4/BLE_custom.c ****                 for(locDescIndex = 0u; locDescIndex < 
  88:Generated_Source\PSoC4/BLE_custom.c ****                     cyBle_customCServ[locServIndex].customServChar[locCharIndex].descCount; 
  89:Generated_Source\PSoC4/BLE_custom.c ****                         locDescIndex++)
  90:Generated_Source\PSoC4/BLE_custom.c ****                 {
  91:Generated_Source\PSoC4/BLE_custom.c ****                     cyBle_customCServ[locServIndex].customServChar[locCharIndex].
  92:Generated_Source\PSoC4/BLE_custom.c ****                         customServCharDesc[locDescIndex].descHandle = 0u;
  93:Generated_Source\PSoC4/BLE_custom.c ****                 }
  94:Generated_Source\PSoC4/BLE_custom.c ****             }
  95:Generated_Source\PSoC4/BLE_custom.c ****         }
  96:Generated_Source\PSoC4/BLE_custom.c ****     }
  97:Generated_Source\PSoC4/BLE_custom.c **** 
  98:Generated_Source\PSoC4/BLE_custom.c **** #endif /* (CYBLE_CUSTOM_CLIENT) */
  99:Generated_Source\PSoC4/BLE_custom.c **** }
  44              		.loc 1 99 0
  45 0004 BD46     		mov	sp, r7
  46              		@ sp needed
  47 0006 80BD     		pop	{r7, pc}
  48              		.cfi_endproc
  49              	.LFE2:
  50              		.size	CyBle_CustomInit, .-CyBle_CustomInit
  51              		.text
  52              	.Letext0:
  53              		.file 2 "Generated_Source\\PSoC4\\cytypes.h"
  54              		.file 3 "Generated_Source\\PSoC4\\BLE_StackGatt.h"
  55              		.file 4 "Generated_Source\\PSoC4\\BLE_custom.h"
  56              		.file 5 "Generated_Source\\PSoC4\\BLE_Stack.h"
  57              		.section	.debug_info,"",%progbits
  58              	.Ldebug_info0:
  59 0000 2E030000 		.4byte	0x32e
  60 0004 0400     		.2byte	0x4
  61 0006 00000000 		.4byte	.Ldebug_abbrev0
  62 000a 04       		.byte	0x4
  63 000b 01       		.uleb128 0x1
  64 000c 00070000 		.4byte	.LASF93
  65 0010 01       		.byte	0x1
  66 0011 C6020000 		.4byte	.LASF94
  67 0015 DE040000 		.4byte	.LASF95
  68 0019 00000000 		.4byte	.Ldebug_ranges0+0
  69 001d 00000000 		.4byte	0
  70 0021 00000000 		.4byte	.Ldebug_line0
  71 0025 02       		.uleb128 0x2
  72 0026 01       		.byte	0x1
ARM GAS  C:\Users\Samay\AppData\Local\Temp\ccCnL6e5.s 			page 4


  73 0027 06       		.byte	0x6
  74 0028 3C050000 		.4byte	.LASF0
  75 002c 02       		.uleb128 0x2
  76 002d 01       		.byte	0x1
  77 002e 08       		.byte	0x8
  78 002f 83040000 		.4byte	.LASF1
  79 0033 02       		.uleb128 0x2
  80 0034 02       		.byte	0x2
  81 0035 05       		.byte	0x5
  82 0036 B7000000 		.4byte	.LASF2
  83 003a 02       		.uleb128 0x2
  84 003b 02       		.byte	0x2
  85 003c 07       		.byte	0x7
  86 003d AA070000 		.4byte	.LASF3
  87 0041 02       		.uleb128 0x2
  88 0042 04       		.byte	0x4
  89 0043 05       		.byte	0x5
  90 0044 37030000 		.4byte	.LASF4
  91 0048 02       		.uleb128 0x2
  92 0049 04       		.byte	0x4
  93 004a 07       		.byte	0x7
  94 004b CD050000 		.4byte	.LASF5
  95 004f 02       		.uleb128 0x2
  96 0050 08       		.byte	0x8
  97 0051 05       		.byte	0x5
  98 0052 23010000 		.4byte	.LASF6
  99 0056 02       		.uleb128 0x2
 100 0057 08       		.byte	0x8
 101 0058 07       		.byte	0x7
 102 0059 EA020000 		.4byte	.LASF7
 103 005d 03       		.uleb128 0x3
 104 005e 04       		.byte	0x4
 105 005f 05       		.byte	0x5
 106 0060 696E7400 		.ascii	"int\000"
 107 0064 02       		.uleb128 0x2
 108 0065 04       		.byte	0x4
 109 0066 07       		.byte	0x7
 110 0067 A5050000 		.4byte	.LASF8
 111 006b 04       		.uleb128 0x4
 112 006c CE010000 		.4byte	.LASF85
 113 0070 02       		.byte	0x2
 114 0071 BA01     		.2byte	0x1ba
 115 0073 3A000000 		.4byte	0x3a
 116 0077 02       		.uleb128 0x2
 117 0078 04       		.byte	0x4
 118 0079 04       		.byte	0x4
 119 007a 7E020000 		.4byte	.LASF9
 120 007e 02       		.uleb128 0x2
 121 007f 08       		.byte	0x8
 122 0080 04       		.byte	0x4
 123 0081 7B080000 		.4byte	.LASF10
 124 0085 02       		.uleb128 0x2
 125 0086 01       		.byte	0x1
 126 0087 08       		.byte	0x8
 127 0088 FB060000 		.4byte	.LASF11
 128 008c 02       		.uleb128 0x2
 129 008d 04       		.byte	0x4
ARM GAS  C:\Users\Samay\AppData\Local\Temp\ccCnL6e5.s 			page 5


 130 008e 07       		.byte	0x7
 131 008f F9000000 		.4byte	.LASF12
 132 0093 05       		.uleb128 0x5
 133 0094 01       		.byte	0x1
 134 0095 05       		.byte	0x5
 135 0096 4D01     		.2byte	0x14d
 136 0098 76020000 		.4byte	0x276
 137 009c 06       		.uleb128 0x6
 138 009d 28020000 		.4byte	.LASF13
 139 00a1 00       		.sleb128 0
 140 00a2 06       		.uleb128 0x6
 141 00a3 68010000 		.4byte	.LASF14
 142 00a7 01       		.sleb128 1
 143 00a8 06       		.uleb128 0x6
 144 00a9 010A0000 		.4byte	.LASF15
 145 00ad 02       		.sleb128 2
 146 00ae 06       		.uleb128 0x6
 147 00af D7080000 		.4byte	.LASF16
 148 00b3 03       		.sleb128 3
 149 00b4 06       		.uleb128 0x6
 150 00b5 42010000 		.4byte	.LASF17
 151 00b9 04       		.sleb128 4
 152 00ba 06       		.uleb128 0x6
 153 00bb C9030000 		.4byte	.LASF18
 154 00bf 05       		.sleb128 5
 155 00c0 06       		.uleb128 0x6
 156 00c1 3E000000 		.4byte	.LASF19
 157 00c5 06       		.sleb128 6
 158 00c6 06       		.uleb128 0x6
 159 00c7 35090000 		.4byte	.LASF20
 160 00cb 20       		.sleb128 32
 161 00cc 06       		.uleb128 0x6
 162 00cd DF050000 		.4byte	.LASF21
 163 00d1 21       		.sleb128 33
 164 00d2 06       		.uleb128 0x6
 165 00d3 00000000 		.4byte	.LASF22
 166 00d7 22       		.sleb128 34
 167 00d8 06       		.uleb128 0x6
 168 00d9 E5030000 		.4byte	.LASF23
 169 00dd 23       		.sleb128 35
 170 00de 06       		.uleb128 0x6
 171 00df 89050000 		.4byte	.LASF24
 172 00e3 24       		.sleb128 36
 173 00e4 06       		.uleb128 0x6
 174 00e5 C1000000 		.4byte	.LASF25
 175 00e9 25       		.sleb128 37
 176 00ea 06       		.uleb128 0x6
 177 00eb 80030000 		.4byte	.LASF26
 178 00ef 26       		.sleb128 38
 179 00f0 06       		.uleb128 0x6
 180 00f1 61030000 		.4byte	.LASF27
 181 00f5 27       		.sleb128 39
 182 00f6 06       		.uleb128 0x6
 183 00f7 71000000 		.4byte	.LASF28
 184 00fb 28       		.sleb128 40
 185 00fc 06       		.uleb128 0x6
 186 00fd 17060000 		.4byte	.LASF29
ARM GAS  C:\Users\Samay\AppData\Local\Temp\ccCnL6e5.s 			page 6


 187 0101 29       		.sleb128 41
 188 0102 06       		.uleb128 0x6
 189 0103 AB060000 		.4byte	.LASF30
 190 0107 2A       		.sleb128 42
 191 0108 06       		.uleb128 0x6
 192 0109 1B080000 		.4byte	.LASF31
 193 010d 2B       		.sleb128 43
 194 010e 06       		.uleb128 0x6
 195 010f 6F060000 		.4byte	.LASF32
 196 0113 2C       		.sleb128 44
 197 0114 06       		.uleb128 0x6
 198 0115 9D020000 		.4byte	.LASF33
 199 0119 2D       		.sleb128 45
 200 011a 06       		.uleb128 0x6
 201 011b 93000000 		.4byte	.LASF34
 202 011f 2E       		.sleb128 46
 203 0120 06       		.uleb128 0x6
 204 0121 EB0A0000 		.4byte	.LASF35
 205 0125 2F       		.sleb128 47
 206 0126 06       		.uleb128 0x6
 207 0127 02010000 		.4byte	.LASF36
 208 012b 30       		.sleb128 48
 209 012c 06       		.uleb128 0x6
 210 012d 39040000 		.4byte	.LASF37
 211 0131 31       		.sleb128 49
 212 0132 06       		.uleb128 0x6
 213 0133 BD070000 		.4byte	.LASF38
 214 0137 32       		.sleb128 50
 215 0138 06       		.uleb128 0x6
 216 0139 D4060000 		.4byte	.LASF39
 217 013d 33       		.sleb128 51
 218 013e 06       		.uleb128 0x6
 219 013f 34060000 		.4byte	.LASF40
 220 0143 34       		.sleb128 52
 221 0144 06       		.uleb128 0x6
 222 0145 BA080000 		.4byte	.LASF41
 223 0149 35       		.sleb128 53
 224 014a 06       		.uleb128 0x6
 225 014b 16030000 		.4byte	.LASF42
 226 014f 36       		.sleb128 54
 227 0150 06       		.uleb128 0x6
 228 0151 7B010000 		.4byte	.LASF43
 229 0155 37       		.sleb128 55
 230 0156 06       		.uleb128 0x6
 231 0157 57000000 		.4byte	.LASF44
 232 015b C000     		.sleb128 64
 233 015d 06       		.uleb128 0x6
 234 015e B2050000 		.4byte	.LASF45
 235 0162 C100     		.sleb128 65
 236 0164 06       		.uleb128 0x6
 237 0165 DB000000 		.4byte	.LASF46
 238 0169 C200     		.sleb128 66
 239 016b 06       		.uleb128 0x6
 240 016c B0010000 		.4byte	.LASF47
 241 0170 C300     		.sleb128 67
 242 0172 06       		.uleb128 0x6
 243 0173 BF090000 		.4byte	.LASF48
ARM GAS  C:\Users\Samay\AppData\Local\Temp\ccCnL6e5.s 			page 7


 244 0177 C400     		.sleb128 68
 245 0179 06       		.uleb128 0x6
 246 017a 59090000 		.4byte	.LASF49
 247 017e C500     		.sleb128 69
 248 0180 06       		.uleb128 0x6
 249 0181 9E090000 		.4byte	.LASF50
 250 0185 C600     		.sleb128 70
 251 0187 06       		.uleb128 0x6
 252 0188 1E050000 		.4byte	.LASF51
 253 018c C700     		.sleb128 71
 254 018e 06       		.uleb128 0x6
 255 018f 62050000 		.4byte	.LASF52
 256 0193 C800     		.sleb128 72
 257 0195 06       		.uleb128 0x6
 258 0196 84020000 		.4byte	.LASF53
 259 019a C900     		.sleb128 73
 260 019c 06       		.uleb128 0x6
 261 019d DE070000 		.4byte	.LASF54
 262 01a1 CA00     		.sleb128 74
 263 01a3 06       		.uleb128 0x6
 264 01a4 E8010000 		.4byte	.LASF55
 265 01a8 CB00     		.sleb128 75
 266 01aa 06       		.uleb128 0x6
 267 01ab 48050000 		.4byte	.LASF56
 268 01af CC00     		.sleb128 76
 269 01b1 06       		.uleb128 0x6
 270 01b2 24000000 		.4byte	.LASF57
 271 01b6 CD00     		.sleb128 77
 272 01b8 06       		.uleb128 0x6
 273 01b9 80090000 		.4byte	.LASF58
 274 01bd CE00     		.sleb128 78
 275 01bf 06       		.uleb128 0x6
 276 01c0 A0040000 		.4byte	.LASF59
 277 01c4 CF00     		.sleb128 79
 278 01c6 06       		.uleb128 0x6
 279 01c7 6C0A0000 		.4byte	.LASF60
 280 01cb D000     		.sleb128 80
 281 01cd 06       		.uleb128 0x6
 282 01ce FC070000 		.4byte	.LASF61
 283 01d2 D100     		.sleb128 81
 284 01d4 06       		.uleb128 0x6
 285 01d5 A8030000 		.4byte	.LASF62
 286 01d9 D200     		.sleb128 82
 287 01db 06       		.uleb128 0x6
 288 01dc 40030000 		.4byte	.LASF63
 289 01e0 D300     		.sleb128 83
 290 01e2 06       		.uleb128 0x6
 291 01e3 07020000 		.4byte	.LASF64
 292 01e7 D400     		.sleb128 84
 293 01e9 06       		.uleb128 0x6
 294 01ea B50A0000 		.4byte	.LASF65
 295 01ee D500     		.sleb128 85
 296 01f0 06       		.uleb128 0x6
 297 01f1 4A0A0000 		.4byte	.LASF66
 298 01f5 D600     		.sleb128 86
 299 01f7 06       		.uleb128 0x6
 300 01f8 210A0000 		.4byte	.LASF67
ARM GAS  C:\Users\Samay\AppData\Local\Temp\ccCnL6e5.s 			page 8


 301 01fc D700     		.sleb128 87
 302 01fe 06       		.uleb128 0x6
 303 01ff 4C060000 		.4byte	.LASF68
 304 0203 D800     		.sleb128 88
 305 0205 06       		.uleb128 0x6
 306 0206 5D040000 		.4byte	.LASF69
 307 020a F000     		.sleb128 112
 308 020c 06       		.uleb128 0x6
 309 020d 0F090000 		.4byte	.LASF70
 310 0211 F100     		.sleb128 113
 311 0213 06       		.uleb128 0x6
 312 0214 8E070000 		.4byte	.LASF71
 313 0218 F200     		.sleb128 114
 314 021a 06       		.uleb128 0x6
 315 021b 3F020000 		.4byte	.LASF72
 316 021f F300     		.sleb128 115
 317 0221 06       		.uleb128 0x6
 318 0222 1B040000 		.4byte	.LASF73
 319 0226 F400     		.sleb128 116
 320 0228 06       		.uleb128 0x6
 321 0229 F6050000 		.4byte	.LASF74
 322 022d F500     		.sleb128 117
 323 022f 06       		.uleb128 0x6
 324 0230 5D020000 		.4byte	.LASF75
 325 0234 F600     		.sleb128 118
 326 0236 06       		.uleb128 0x6
 327 0237 F0080000 		.4byte	.LASF76
 328 023b F700     		.sleb128 119
 329 023d 06       		.uleb128 0x6
 330 023e 58080000 		.4byte	.LASF77
 331 0242 F800     		.sleb128 120
 332 0244 06       		.uleb128 0x6
 333 0245 82080000 		.4byte	.LASF78
 334 0249 F900     		.sleb128 121
 335 024b 06       		.uleb128 0x6
 336 024c DD090000 		.4byte	.LASF79
 337 0250 FA00     		.sleb128 122
 338 0252 06       		.uleb128 0x6
 339 0253 3A080000 		.4byte	.LASF80
 340 0257 FA01     		.sleb128 250
 341 0259 06       		.uleb128 0x6
 342 025a BF040000 		.4byte	.LASF81
 343 025e FB01     		.sleb128 251
 344 0260 06       		.uleb128 0x6
 345 0261 D90A0000 		.4byte	.LASF82
 346 0265 FC01     		.sleb128 252
 347 0267 06       		.uleb128 0x6
 348 0268 93060000 		.4byte	.LASF83
 349 026c FD01     		.sleb128 253
 350 026e 06       		.uleb128 0x6
 351 026f 130A0000 		.4byte	.LASF84
 352 0273 FF01     		.sleb128 255
 353 0275 00       		.byte	0
 354 0276 04       		.uleb128 0x4
 355 0277 8B0A0000 		.4byte	.LASF86
 356 027b 03       		.byte	0x3
 357 027c 8901     		.2byte	0x189
ARM GAS  C:\Users\Samay\AppData\Local\Temp\ccCnL6e5.s 			page 9


 358 027e 6B000000 		.4byte	0x6b
 359 0282 07       		.uleb128 0x7
 360 0283 06       		.byte	0x6
 361 0284 04       		.byte	0x4
 362 0285 43       		.byte	0x43
 363 0286 A3020000 		.4byte	0x2a3
 364 028a 08       		.uleb128 0x8
 365 028b A5080000 		.4byte	.LASF87
 366 028f 04       		.byte	0x4
 367 0290 46       		.byte	0x46
 368 0291 76020000 		.4byte	0x276
 369 0295 00       		.byte	0
 370 0296 08       		.uleb128 0x8
 371 0297 D5010000 		.4byte	.LASF88
 372 029b 04       		.byte	0x4
 373 029c 48       		.byte	0x48
 374 029d A3020000 		.4byte	0x2a3
 375 02a1 02       		.byte	0x2
 376 02a2 00       		.byte	0
 377 02a3 09       		.uleb128 0x9
 378 02a4 76020000 		.4byte	0x276
 379 02a8 B3020000 		.4byte	0x2b3
 380 02ac 0A       		.uleb128 0xa
 381 02ad 8C000000 		.4byte	0x8c
 382 02b1 01       		.byte	0x1
 383 02b2 00       		.byte	0
 384 02b3 0B       		.uleb128 0xb
 385 02b4 01030000 		.4byte	.LASF89
 386 02b8 04       		.byte	0x4
 387 02b9 4A       		.byte	0x4a
 388 02ba 82020000 		.4byte	0x282
 389 02be 07       		.uleb128 0x7
 390 02bf 08       		.byte	0x8
 391 02c0 04       		.byte	0x4
 392 02c1 4D       		.byte	0x4d
 393 02c2 DF020000 		.4byte	0x2df
 394 02c6 08       		.uleb128 0x8
 395 02c7 31010000 		.4byte	.LASF90
 396 02cb 04       		.byte	0x4
 397 02cc 50       		.byte	0x50
 398 02cd 76020000 		.4byte	0x276
 399 02d1 00       		.byte	0
 400 02d2 08       		.uleb128 0x8
 401 02d3 91040000 		.4byte	.LASF91
 402 02d7 04       		.byte	0x4
 403 02d8 53       		.byte	0x53
 404 02d9 DF020000 		.4byte	0x2df
 405 02dd 02       		.byte	0x2
 406 02de 00       		.byte	0
 407 02df 09       		.uleb128 0x9
 408 02e0 B3020000 		.4byte	0x2b3
 409 02e4 EF020000 		.4byte	0x2ef
 410 02e8 0A       		.uleb128 0xa
 411 02e9 8C000000 		.4byte	0x8c
 412 02ed 00       		.byte	0
 413 02ee 00       		.byte	0
 414 02ef 0B       		.uleb128 0xb
ARM GAS  C:\Users\Samay\AppData\Local\Temp\ccCnL6e5.s 			page 10


 415 02f0 0B040000 		.4byte	.LASF92
 416 02f4 04       		.byte	0x4
 417 02f5 55       		.byte	0x55
 418 02f6 BE020000 		.4byte	0x2be
 419 02fa 0C       		.uleb128 0xc
 420 02fb 57010000 		.4byte	.LASF96
 421 02ff 01       		.byte	0x1
 422 0300 45       		.byte	0x45
 423 0301 00000000 		.4byte	.LFB2
 424 0305 08000000 		.4byte	.LFE2-.LFB2
 425 0309 01       		.uleb128 0x1
 426 030a 9C       		.byte	0x9c
 427 030b 09       		.uleb128 0x9
 428 030c EF020000 		.4byte	0x2ef
 429 0310 1B030000 		.4byte	0x31b
 430 0314 0A       		.uleb128 0xa
 431 0315 8C000000 		.4byte	0x8c
 432 0319 00       		.byte	0
 433 031a 00       		.byte	0
 434 031b 0D       		.uleb128 0xd
 435 031c A70A0000 		.4byte	.LASF97
 436 0320 01       		.byte	0x1
 437 0321 1A       		.byte	0x1a
 438 0322 2C030000 		.4byte	0x32c
 439 0326 05       		.uleb128 0x5
 440 0327 03       		.byte	0x3
 441 0328 00000000 		.4byte	cyBle_customs
 442 032c 0E       		.uleb128 0xe
 443 032d 0B030000 		.4byte	0x30b
 444 0331 00       		.byte	0
 445              		.section	.debug_abbrev,"",%progbits
 446              	.Ldebug_abbrev0:
 447 0000 01       		.uleb128 0x1
 448 0001 11       		.uleb128 0x11
 449 0002 01       		.byte	0x1
 450 0003 25       		.uleb128 0x25
 451 0004 0E       		.uleb128 0xe
 452 0005 13       		.uleb128 0x13
 453 0006 0B       		.uleb128 0xb
 454 0007 03       		.uleb128 0x3
 455 0008 0E       		.uleb128 0xe
 456 0009 1B       		.uleb128 0x1b
 457 000a 0E       		.uleb128 0xe
 458 000b 55       		.uleb128 0x55
 459 000c 17       		.uleb128 0x17
 460 000d 11       		.uleb128 0x11
 461 000e 01       		.uleb128 0x1
 462 000f 10       		.uleb128 0x10
 463 0010 17       		.uleb128 0x17
 464 0011 00       		.byte	0
 465 0012 00       		.byte	0
 466 0013 02       		.uleb128 0x2
 467 0014 24       		.uleb128 0x24
 468 0015 00       		.byte	0
 469 0016 0B       		.uleb128 0xb
 470 0017 0B       		.uleb128 0xb
 471 0018 3E       		.uleb128 0x3e
ARM GAS  C:\Users\Samay\AppData\Local\Temp\ccCnL6e5.s 			page 11


 472 0019 0B       		.uleb128 0xb
 473 001a 03       		.uleb128 0x3
 474 001b 0E       		.uleb128 0xe
 475 001c 00       		.byte	0
 476 001d 00       		.byte	0
 477 001e 03       		.uleb128 0x3
 478 001f 24       		.uleb128 0x24
 479 0020 00       		.byte	0
 480 0021 0B       		.uleb128 0xb
 481 0022 0B       		.uleb128 0xb
 482 0023 3E       		.uleb128 0x3e
 483 0024 0B       		.uleb128 0xb
 484 0025 03       		.uleb128 0x3
 485 0026 08       		.uleb128 0x8
 486 0027 00       		.byte	0
 487 0028 00       		.byte	0
 488 0029 04       		.uleb128 0x4
 489 002a 16       		.uleb128 0x16
 490 002b 00       		.byte	0
 491 002c 03       		.uleb128 0x3
 492 002d 0E       		.uleb128 0xe
 493 002e 3A       		.uleb128 0x3a
 494 002f 0B       		.uleb128 0xb
 495 0030 3B       		.uleb128 0x3b
 496 0031 05       		.uleb128 0x5
 497 0032 49       		.uleb128 0x49
 498 0033 13       		.uleb128 0x13
 499 0034 00       		.byte	0
 500 0035 00       		.byte	0
 501 0036 05       		.uleb128 0x5
 502 0037 04       		.uleb128 0x4
 503 0038 01       		.byte	0x1
 504 0039 0B       		.uleb128 0xb
 505 003a 0B       		.uleb128 0xb
 506 003b 3A       		.uleb128 0x3a
 507 003c 0B       		.uleb128 0xb
 508 003d 3B       		.uleb128 0x3b
 509 003e 05       		.uleb128 0x5
 510 003f 01       		.uleb128 0x1
 511 0040 13       		.uleb128 0x13
 512 0041 00       		.byte	0
 513 0042 00       		.byte	0
 514 0043 06       		.uleb128 0x6
 515 0044 28       		.uleb128 0x28
 516 0045 00       		.byte	0
 517 0046 03       		.uleb128 0x3
 518 0047 0E       		.uleb128 0xe
 519 0048 1C       		.uleb128 0x1c
 520 0049 0D       		.uleb128 0xd
 521 004a 00       		.byte	0
 522 004b 00       		.byte	0
 523 004c 07       		.uleb128 0x7
 524 004d 13       		.uleb128 0x13
 525 004e 01       		.byte	0x1
 526 004f 0B       		.uleb128 0xb
 527 0050 0B       		.uleb128 0xb
 528 0051 3A       		.uleb128 0x3a
ARM GAS  C:\Users\Samay\AppData\Local\Temp\ccCnL6e5.s 			page 12


 529 0052 0B       		.uleb128 0xb
 530 0053 3B       		.uleb128 0x3b
 531 0054 0B       		.uleb128 0xb
 532 0055 01       		.uleb128 0x1
 533 0056 13       		.uleb128 0x13
 534 0057 00       		.byte	0
 535 0058 00       		.byte	0
 536 0059 08       		.uleb128 0x8
 537 005a 0D       		.uleb128 0xd
 538 005b 00       		.byte	0
 539 005c 03       		.uleb128 0x3
 540 005d 0E       		.uleb128 0xe
 541 005e 3A       		.uleb128 0x3a
 542 005f 0B       		.uleb128 0xb
 543 0060 3B       		.uleb128 0x3b
 544 0061 0B       		.uleb128 0xb
 545 0062 49       		.uleb128 0x49
 546 0063 13       		.uleb128 0x13
 547 0064 38       		.uleb128 0x38
 548 0065 0B       		.uleb128 0xb
 549 0066 00       		.byte	0
 550 0067 00       		.byte	0
 551 0068 09       		.uleb128 0x9
 552 0069 01       		.uleb128 0x1
 553 006a 01       		.byte	0x1
 554 006b 49       		.uleb128 0x49
 555 006c 13       		.uleb128 0x13
 556 006d 01       		.uleb128 0x1
 557 006e 13       		.uleb128 0x13
 558 006f 00       		.byte	0
 559 0070 00       		.byte	0
 560 0071 0A       		.uleb128 0xa
 561 0072 21       		.uleb128 0x21
 562 0073 00       		.byte	0
 563 0074 49       		.uleb128 0x49
 564 0075 13       		.uleb128 0x13
 565 0076 2F       		.uleb128 0x2f
 566 0077 0B       		.uleb128 0xb
 567 0078 00       		.byte	0
 568 0079 00       		.byte	0
 569 007a 0B       		.uleb128 0xb
 570 007b 16       		.uleb128 0x16
 571 007c 00       		.byte	0
 572 007d 03       		.uleb128 0x3
 573 007e 0E       		.uleb128 0xe
 574 007f 3A       		.uleb128 0x3a
 575 0080 0B       		.uleb128 0xb
 576 0081 3B       		.uleb128 0x3b
 577 0082 0B       		.uleb128 0xb
 578 0083 49       		.uleb128 0x49
 579 0084 13       		.uleb128 0x13
 580 0085 00       		.byte	0
 581 0086 00       		.byte	0
 582 0087 0C       		.uleb128 0xc
 583 0088 2E       		.uleb128 0x2e
 584 0089 00       		.byte	0
 585 008a 3F       		.uleb128 0x3f
ARM GAS  C:\Users\Samay\AppData\Local\Temp\ccCnL6e5.s 			page 13


 586 008b 19       		.uleb128 0x19
 587 008c 03       		.uleb128 0x3
 588 008d 0E       		.uleb128 0xe
 589 008e 3A       		.uleb128 0x3a
 590 008f 0B       		.uleb128 0xb
 591 0090 3B       		.uleb128 0x3b
 592 0091 0B       		.uleb128 0xb
 593 0092 27       		.uleb128 0x27
 594 0093 19       		.uleb128 0x19
 595 0094 11       		.uleb128 0x11
 596 0095 01       		.uleb128 0x1
 597 0096 12       		.uleb128 0x12
 598 0097 06       		.uleb128 0x6
 599 0098 40       		.uleb128 0x40
 600 0099 18       		.uleb128 0x18
 601 009a 9742     		.uleb128 0x2117
 602 009c 19       		.uleb128 0x19
 603 009d 00       		.byte	0
 604 009e 00       		.byte	0
 605 009f 0D       		.uleb128 0xd
 606 00a0 34       		.uleb128 0x34
 607 00a1 00       		.byte	0
 608 00a2 03       		.uleb128 0x3
 609 00a3 0E       		.uleb128 0xe
 610 00a4 3A       		.uleb128 0x3a
 611 00a5 0B       		.uleb128 0xb
 612 00a6 3B       		.uleb128 0x3b
 613 00a7 0B       		.uleb128 0xb
 614 00a8 49       		.uleb128 0x49
 615 00a9 13       		.uleb128 0x13
 616 00aa 3F       		.uleb128 0x3f
 617 00ab 19       		.uleb128 0x19
 618 00ac 02       		.uleb128 0x2
 619 00ad 18       		.uleb128 0x18
 620 00ae 00       		.byte	0
 621 00af 00       		.byte	0
 622 00b0 0E       		.uleb128 0xe
 623 00b1 26       		.uleb128 0x26
 624 00b2 00       		.byte	0
 625 00b3 49       		.uleb128 0x49
 626 00b4 13       		.uleb128 0x13
 627 00b5 00       		.byte	0
 628 00b6 00       		.byte	0
 629 00b7 00       		.byte	0
 630              		.section	.debug_aranges,"",%progbits
 631 0000 1C000000 		.4byte	0x1c
 632 0004 0200     		.2byte	0x2
 633 0006 00000000 		.4byte	.Ldebug_info0
 634 000a 04       		.byte	0x4
 635 000b 00       		.byte	0
 636 000c 0000     		.2byte	0
 637 000e 0000     		.2byte	0
 638 0010 00000000 		.4byte	.LFB2
 639 0014 08000000 		.4byte	.LFE2-.LFB2
 640 0018 00000000 		.4byte	0
 641 001c 00000000 		.4byte	0
 642              		.section	.debug_ranges,"",%progbits
ARM GAS  C:\Users\Samay\AppData\Local\Temp\ccCnL6e5.s 			page 14


 643              	.Ldebug_ranges0:
 644 0000 00000000 		.4byte	.LFB2
 645 0004 08000000 		.4byte	.LFE2
 646 0008 00000000 		.4byte	0
 647 000c 00000000 		.4byte	0
 648              		.section	.debug_line,"",%progbits
 649              	.Ldebug_line0:
 650 0000 92000000 		.section	.debug_str,"MS",%progbits,1
 650      02007900 
 650      00000201 
 650      FB0E0D00 
 650      01010101 
 651              	.LASF22:
 652 0000 4359424C 		.ascii	"CYBLE_EVT_GAP_PASSKEY_ENTRY_REQUEST\000"
 652      455F4556 
 652      545F4741 
 652      505F5041 
 652      53534B45 
 653              	.LASF57:
 654 0024 4359424C 		.ascii	"CYBLE_EVT_GATTC_WRITE_RSP\000"
 654      455F4556 
 654      545F4741 
 654      5454435F 
 654      57524954 
 655              	.LASF19:
 656 003e 4359424C 		.ascii	"CYBLE_EVT_MEMORY_REQUEST\000"
 656      455F4556 
 656      545F4D45 
 656      4D4F5259 
 656      5F524551 
 657              	.LASF44:
 658 0057 4359424C 		.ascii	"CYBLE_EVT_GATTC_ERROR_RSP\000"
 658      455F4556 
 658      545F4741 
 658      5454435F 
 658      4552524F 
 659              	.LASF28:
 660 0071 4359424C 		.ascii	"CYBLE_EVT_GAP_DEVICE_DISCONNECTED\000"
 660      455F4556 
 660      545F4741 
 660      505F4445 
 660      56494345 
 661              	.LASF34:
 662 0093 4359424C 		.ascii	"CYBLE_EVT_GAP_KEYPRESS_NOTIFICATION\000"
 662      455F4556 
 662      545F4741 
 662      505F4B45 
 662      59505245 
 663              	.LASF2:
 664 00b7 73686F72 		.ascii	"short int\000"
 664      7420696E 
 664      7400
 665              	.LASF25:
 666 00c1 4359424C 		.ascii	"CYBLE_EVT_GAP_AUTH_FAILED\000"
 666      455F4556 
 666      545F4741 
 666      505F4155 
ARM GAS  C:\Users\Samay\AppData\Local\Temp\ccCnL6e5.s 			page 15


 666      54485F46 
 667              	.LASF46:
 668 00db 4359424C 		.ascii	"CYBLE_EVT_GATT_DISCONNECT_IND\000"
 668      455F4556 
 668      545F4741 
 668      54545F44 
 668      4953434F 
 669              	.LASF12:
 670 00f9 73697A65 		.ascii	"sizetype\000"
 670      74797065 
 670      00
 671              	.LASF36:
 672 0102 4359424C 		.ascii	"CYBLE_EVT_GAP_DATA_LENGTH_CHANGE\000"
 672      455F4556 
 672      545F4741 
 672      505F4441 
 672      54415F4C 
 673              	.LASF6:
 674 0123 6C6F6E67 		.ascii	"long long int\000"
 674      206C6F6E 
 674      6720696E 
 674      7400
 675              	.LASF90:
 676 0131 63757374 		.ascii	"customServHandle\000"
 676      6F6D5365 
 676      72764861 
 676      6E646C65 
 676      00
 677              	.LASF17:
 678 0142 4359424C 		.ascii	"CYBLE_EVT_HCI_STATUS\000"
 678      455F4556 
 678      545F4843 
 678      495F5354 
 678      41545553 
 679              	.LASF96:
 680 0157 4379426C 		.ascii	"CyBle_CustomInit\000"
 680      655F4375 
 680      73746F6D 
 680      496E6974 
 680      00
 681              	.LASF14:
 682 0168 4359424C 		.ascii	"CYBLE_EVT_STACK_ON\000"
 682      455F4556 
 682      545F5354 
 682      41434B5F 
 682      4F4E00
 683              	.LASF43:
 684 017b 4359424C 		.ascii	"CYBLE_EVT_GAP_SMP_LOC_P256_KEYS_GEN_AND_SET_COMPLET"
 684      455F4556 
 684      545F4741 
 684      505F534D 
 684      505F4C4F 
 685 01ae 4500     		.ascii	"E\000"
 686              	.LASF47:
 687 01b0 4359424C 		.ascii	"CYBLE_EVT_GATTS_XCNHG_MTU_REQ\000"
 687      455F4556 
 687      545F4741 
ARM GAS  C:\Users\Samay\AppData\Local\Temp\ccCnL6e5.s 			page 16


 687      5454535F 
 687      58434E48 
 688              	.LASF85:
 689 01ce 75696E74 		.ascii	"uint16\000"
 689      313600
 690              	.LASF88:
 691 01d5 63757374 		.ascii	"customServCharDesc\000"
 691      6F6D5365 
 691      72764368 
 691      61724465 
 691      736300
 692              	.LASF55:
 693 01e8 4359424C 		.ascii	"CYBLE_EVT_GATTC_READ_MULTI_RSP\000"
 693      455F4556 
 693      545F4741 
 693      5454435F 
 693      52454144 
 694              	.LASF64:
 695 0207 4359424C 		.ascii	"CYBLE_EVT_GATTS_HANDLE_VALUE_CNF\000"
 695      455F4556 
 695      545F4741 
 695      5454535F 
 695      48414E44 
 696              	.LASF13:
 697 0228 4359424C 		.ascii	"CYBLE_EVT_HOST_INVALID\000"
 697      455F4556 
 697      545F484F 
 697      53545F49 
 697      4E56414C 
 698              	.LASF72:
 699 023f 4359424C 		.ascii	"CYBLE_EVT_L2CAP_CBFC_CONN_IND\000"
 699      455F4556 
 699      545F4C32 
 699      4341505F 
 699      43424643 
 700              	.LASF75:
 701 025d 4359424C 		.ascii	"CYBLE_EVT_L2CAP_CBFC_DISCONN_CNF\000"
 701      455F4556 
 701      545F4C32 
 701      4341505F 
 701      43424643 
 702              	.LASF9:
 703 027e 666C6F61 		.ascii	"float\000"
 703      7400
 704              	.LASF53:
 705 0284 4359424C 		.ascii	"CYBLE_EVT_GATTC_READ_RSP\000"
 705      455F4556 
 705      545F4741 
 705      5454435F 
 705      52454144 
 706              	.LASF33:
 707 029d 4359424C 		.ascii	"CYBLE_EVT_GAP_NUMERIC_COMPARISON_REQUEST\000"
 707      455F4556 
 707      545F4741 
 707      505F4E55 
 707      4D455249 
 708              	.LASF94:
ARM GAS  C:\Users\Samay\AppData\Local\Temp\ccCnL6e5.s 			page 17


 709 02c6 47656E65 		.ascii	"Generated_Source\\PSoC4\\BLE_custom.c\000"
 709      72617465 
 709      645F536F 
 709      75726365 
 709      5C50536F 
 710              	.LASF7:
 711 02ea 6C6F6E67 		.ascii	"long long unsigned int\000"
 711      206C6F6E 
 711      6720756E 
 711      7369676E 
 711      65642069 
 712              	.LASF89:
 713 0301 4359424C 		.ascii	"CYBLE_CUSTOMS_INFO_T\000"
 713      455F4355 
 713      53544F4D 
 713      535F494E 
 713      464F5F54 
 714              	.LASF42:
 715 0316 4359424C 		.ascii	"CYBLE_EVT_GAP_AUTH_REQ_REPLY_ERR\000"
 715      455F4556 
 715      545F4741 
 715      505F4155 
 715      54485F52 
 716              	.LASF4:
 717 0337 6C6F6E67 		.ascii	"long int\000"
 717      20696E74 
 717      00
 718              	.LASF63:
 719 0340 4359424C 		.ascii	"CYBLE_EVT_GATTC_HANDLE_VALUE_IND\000"
 719      455F4556 
 719      545F4741 
 719      5454435F 
 719      48414E44 
 720              	.LASF27:
 721 0361 4359424C 		.ascii	"CYBLE_EVT_GAP_DEVICE_CONNECTED\000"
 721      455F4556 
 721      545F4741 
 721      505F4445 
 721      56494345 
 722              	.LASF26:
 723 0380 4359424C 		.ascii	"CYBLE_EVT_GAPP_ADVERTISEMENT_START_STOP\000"
 723      455F4556 
 723      545F4741 
 723      50505F41 
 723      44564552 
 724              	.LASF62:
 725 03a8 4359424C 		.ascii	"CYBLE_EVT_GATTC_HANDLE_VALUE_NTF\000"
 725      455F4556 
 725      545F4741 
 725      5454435F 
 725      48414E44 
 726              	.LASF18:
 727 03c9 4359424C 		.ascii	"CYBLE_EVT_STACK_BUSY_STATUS\000"
 727      455F4556 
 727      545F5354 
 727      41434B5F 
 727      42555359 
ARM GAS  C:\Users\Samay\AppData\Local\Temp\ccCnL6e5.s 			page 18


 728              	.LASF23:
 729 03e5 4359424C 		.ascii	"CYBLE_EVT_GAP_PASSKEY_DISPLAY_REQUEST\000"
 729      455F4556 
 729      545F4741 
 729      505F5041 
 729      53534B45 
 730              	.LASF92:
 731 040b 4359424C 		.ascii	"CYBLE_CUSTOMS_T\000"
 731      455F4355 
 731      53544F4D 
 731      535F5400 
 732              	.LASF73:
 733 041b 4359424C 		.ascii	"CYBLE_EVT_L2CAP_CBFC_CONN_CNF\000"
 733      455F4556 
 733      545F4C32 
 733      4341505F 
 733      43424643 
 734              	.LASF37:
 735 0439 4359424C 		.ascii	"CYBLE_EVT_GAP_ENHANCE_CONN_COMPLETE\000"
 735      455F4556 
 735      545F4741 
 735      505F454E 
 735      48414E43 
 736              	.LASF69:
 737 045d 4359424C 		.ascii	"CYBLE_EVT_L2CAP_CONN_PARAM_UPDATE_REQ\000"
 737      455F4556 
 737      545F4C32 
 737      4341505F 
 737      434F4E4E 
 738              	.LASF1:
 739 0483 756E7369 		.ascii	"unsigned char\000"
 739      676E6564 
 739      20636861 
 739      7200
 740              	.LASF91:
 741 0491 63757374 		.ascii	"customServInfo\000"
 741      6F6D5365 
 741      7276496E 
 741      666F00
 742              	.LASF59:
 743 04a0 4359424C 		.ascii	"CYBLE_EVT_GATTS_PREP_WRITE_REQ\000"
 743      455F4556 
 743      545F4741 
 743      5454535F 
 743      50524550 
 744              	.LASF81:
 745 04bf 4359424C 		.ascii	"CYBLE_EVT_LE_PING_AUTH_TIMEOUT\000"
 745      455F4556 
 745      545F4C45 
 745      5F50494E 
 745      475F4155 
 746              	.LASF95:
 747 04de 433A5C55 		.ascii	"C:\\Users\\Samay\\Desktop\\Peripheral Server WDT No"
 747      73657273 
 747      5C53616D 
 747      61795C44 
 747      65736B74 
ARM GAS  C:\Users\Samay\AppData\Local\Temp\ccCnL6e5.s 			page 19


 748 050d 74696669 		.ascii	"tification.cydsn\000"
 748      63617469 
 748      6F6E2E63 
 748      7964736E 
 748      00
 749              	.LASF51:
 750 051e 4359424C 		.ascii	"CYBLE_EVT_GATTC_FIND_INFO_RSP\000"
 750      455F4556 
 750      545F4741 
 750      5454435F 
 750      46494E44 
 751              	.LASF0:
 752 053c 7369676E 		.ascii	"signed char\000"
 752      65642063 
 752      68617200 
 753              	.LASF56:
 754 0548 4359424C 		.ascii	"CYBLE_EVT_GATTS_WRITE_REQ\000"
 754      455F4556 
 754      545F4741 
 754      5454535F 
 754      57524954 
 755              	.LASF52:
 756 0562 4359424C 		.ascii	"CYBLE_EVT_GATTC_FIND_BY_TYPE_VALUE_RSP\000"
 756      455F4556 
 756      545F4741 
 756      5454435F 
 756      46494E44 
 757              	.LASF24:
 758 0589 4359424C 		.ascii	"CYBLE_EVT_GAP_AUTH_COMPLETE\000"
 758      455F4556 
 758      545F4741 
 758      505F4155 
 758      54485F43 
 759              	.LASF8:
 760 05a5 756E7369 		.ascii	"unsigned int\000"
 760      676E6564 
 760      20696E74 
 760      00
 761              	.LASF45:
 762 05b2 4359424C 		.ascii	"CYBLE_EVT_GATT_CONNECT_IND\000"
 762      455F4556 
 762      545F4741 
 762      54545F43 
 762      4F4E4E45 
 763              	.LASF5:
 764 05cd 6C6F6E67 		.ascii	"long unsigned int\000"
 764      20756E73 
 764      69676E65 
 764      6420696E 
 764      7400
 765              	.LASF21:
 766 05df 4359424C 		.ascii	"CYBLE_EVT_GAP_AUTH_REQ\000"
 766      455F4556 
 766      545F4741 
 766      505F4155 
 766      54485F52 
 767              	.LASF74:
ARM GAS  C:\Users\Samay\AppData\Local\Temp\ccCnL6e5.s 			page 20


 768 05f6 4359424C 		.ascii	"CYBLE_EVT_L2CAP_CBFC_DISCONN_IND\000"
 768      455F4556 
 768      545F4C32 
 768      4341505F 
 768      43424643 
 769              	.LASF29:
 770 0617 4359424C 		.ascii	"CYBLE_EVT_GAP_ENCRYPT_CHANGE\000"
 770      455F4556 
 770      545F4741 
 770      505F454E 
 770      43525950 
 771              	.LASF40:
 772 0634 4359424C 		.ascii	"CYBLE_EVT_GAP_CONN_ESTB\000"
 772      455F4556 
 772      545F4741 
 772      505F434F 
 772      4E4E5F45 
 773              	.LASF68:
 774 064c 4359424C 		.ascii	"CYBLE_EVT_GATTC_LONG_PROCEDURE_END\000"
 774      455F4556 
 774      545F4741 
 774      5454435F 
 774      4C4F4E47 
 775              	.LASF32:
 776 066f 4359424C 		.ascii	"CYBLE_EVT_GAP_KEYINFO_EXCHNGE_CMPLT\000"
 776      455F4556 
 776      545F4741 
 776      505F4B45 
 776      59494E46 
 777              	.LASF83:
 778 0693 4359424C 		.ascii	"CYBLE_EVT_FLASH_CORRUPT\000"
 778      455F4556 
 778      545F464C 
 778      4153485F 
 778      434F5252 
 779              	.LASF30:
 780 06ab 4359424C 		.ascii	"CYBLE_EVT_GAP_CONNECTION_UPDATE_COMPLETE\000"
 780      455F4556 
 780      545F4741 
 780      505F434F 
 780      4E4E4543 
 781              	.LASF39:
 782 06d4 4359424C 		.ascii	"CYBLE_EVT_GAP_SMP_NEGOTIATED_AUTH_INFO\000"
 782      455F4556 
 782      545F4741 
 782      505F534D 
 782      505F4E45 
 783              	.LASF11:
 784 06fb 63686172 		.ascii	"char\000"
 784      00
 785              	.LASF93:
 786 0700 474E5520 		.ascii	"GNU C 4.9.3 20150303 (release) [ARM/embedded-4_9-br"
 786      4320342E 
 786      392E3320 
 786      32303135 
 786      30333033 
 787 0733 616E6368 		.ascii	"anch revision 221220] -mcpu=cortex-m0 -mthumb -g -O"
ARM GAS  C:\Users\Samay\AppData\Local\Temp\ccCnL6e5.s 			page 21


 787      20726576 
 787      6973696F 
 787      6E203232 
 787      31323230 
 788 0766 30202D66 		.ascii	"0 -ffunction-sections -ffat-lto-objects\000"
 788      66756E63 
 788      74696F6E 
 788      2D736563 
 788      74696F6E 
 789              	.LASF71:
 790 078e 4359424C 		.ascii	"CYBLE_EVT_L2CAP_COMMAND_REJ\000"
 790      455F4556 
 790      545F4C32 
 790      4341505F 
 790      434F4D4D 
 791              	.LASF3:
 792 07aa 73686F72 		.ascii	"short unsigned int\000"
 792      7420756E 
 792      7369676E 
 792      65642069 
 792      6E7400
 793              	.LASF38:
 794 07bd 4359424C 		.ascii	"CYBLE_EVT_GAPC_DIRECT_ADV_REPORT\000"
 794      455F4556 
 794      545F4741 
 794      50435F44 
 794      49524543 
 795              	.LASF54:
 796 07de 4359424C 		.ascii	"CYBLE_EVT_GATTC_READ_BLOB_RSP\000"
 796      455F4556 
 796      545F4741 
 796      5454435F 
 796      52454144 
 797              	.LASF61:
 798 07fc 4359424C 		.ascii	"CYBLE_EVT_GATTC_EXEC_WRITE_RSP\000"
 798      455F4556 
 798      545F4741 
 798      5454435F 
 798      45584543 
 799              	.LASF31:
 800 081b 4359424C 		.ascii	"CYBLE_EVT_GAPC_SCAN_START_STOP\000"
 800      455F4556 
 800      545F4741 
 800      50435F53 
 800      43414E5F 
 801              	.LASF80:
 802 083a 4359424C 		.ascii	"CYBLE_EVT_PENDING_FLASH_WRITE\000"
 802      455F4556 
 802      545F5045 
 802      4E44494E 
 802      475F464C 
 803              	.LASF77:
 804 0858 4359424C 		.ascii	"CYBLE_EVT_L2CAP_CBFC_RX_CREDIT_IND\000"
 804      455F4556 
 804      545F4C32 
 804      4341505F 
 804      43424643 
ARM GAS  C:\Users\Samay\AppData\Local\Temp\ccCnL6e5.s 			page 22


 805              	.LASF10:
 806 087b 646F7562 		.ascii	"double\000"
 806      6C6500
 807              	.LASF78:
 808 0882 4359424C 		.ascii	"CYBLE_EVT_L2CAP_CBFC_TX_CREDIT_IND\000"
 808      455F4556 
 808      545F4C32 
 808      4341505F 
 808      43424643 
 809              	.LASF87:
 810 08a5 63757374 		.ascii	"customServCharHandle\000"
 810      6F6D5365 
 810      72764368 
 810      61724861 
 810      6E646C65 
 811              	.LASF41:
 812 08ba 4359424C 		.ascii	"CYBLE_EVT_GAP_SCAN_REQ_RECVD\000"
 812      455F4556 
 812      545F4741 
 812      505F5343 
 812      414E5F52 
 813              	.LASF16:
 814 08d7 4359424C 		.ascii	"CYBLE_EVT_HARDWARE_ERROR\000"
 814      455F4556 
 814      545F4841 
 814      52445741 
 814      52455F45 
 815              	.LASF76:
 816 08f0 4359424C 		.ascii	"CYBLE_EVT_L2CAP_CBFC_DATA_READ\000"
 816      455F4556 
 816      545F4C32 
 816      4341505F 
 816      43424643 
 817              	.LASF70:
 818 090f 4359424C 		.ascii	"CYBLE_EVT_L2CAP_CONN_PARAM_UPDATE_RSP\000"
 818      455F4556 
 818      545F4C32 
 818      4341505F 
 818      434F4E4E 
 819              	.LASF20:
 820 0935 4359424C 		.ascii	"CYBLE_EVT_GAPC_SCAN_PROGRESS_RESULT\000"
 820      455F4556 
 820      545F4741 
 820      50435F53 
 820      43414E5F 
 821              	.LASF49:
 822 0959 4359424C 		.ascii	"CYBLE_EVT_GATTC_READ_BY_GROUP_TYPE_RSP\000"
 822      455F4556 
 822      545F4741 
 822      5454435F 
 822      52454144 
 823              	.LASF58:
 824 0980 4359424C 		.ascii	"CYBLE_EVT_GATTS_WRITE_CMD_REQ\000"
 824      455F4556 
 824      545F4741 
 824      5454535F 
 824      57524954 
ARM GAS  C:\Users\Samay\AppData\Local\Temp\ccCnL6e5.s 			page 23


 825              	.LASF50:
 826 099e 4359424C 		.ascii	"CYBLE_EVT_GATTC_READ_BY_TYPE_RSP\000"
 826      455F4556 
 826      545F4741 
 826      5454435F 
 826      52454144 
 827              	.LASF48:
 828 09bf 4359424C 		.ascii	"CYBLE_EVT_GATTC_XCHNG_MTU_RSP\000"
 828      455F4556 
 828      545F4741 
 828      5454435F 
 828      5843484E 
 829              	.LASF79:
 830 09dd 4359424C 		.ascii	"CYBLE_EVT_L2CAP_CBFC_DATA_WRITE_IND\000"
 830      455F4556 
 830      545F4C32 
 830      4341505F 
 830      43424643 
 831              	.LASF15:
 832 0a01 4359424C 		.ascii	"CYBLE_EVT_TIMEOUT\000"
 832      455F4556 
 832      545F5449 
 832      4D454F55 
 832      5400
 833              	.LASF84:
 834 0a13 4359424C 		.ascii	"CYBLE_EVT_MAX\000"
 834      455F4556 
 834      545F4D41 
 834      5800
 835              	.LASF67:
 836 0a21 4359424C 		.ascii	"CYBLE_EVT_GATTS_READ_CHAR_VAL_ACCESS_REQ\000"
 836      455F4556 
 836      545F4741 
 836      5454535F 
 836      52454144 
 837              	.LASF66:
 838 0a4a 4359424C 		.ascii	"CYBLE_EVT_GATTC_STOP_CMD_COMPLETE\000"
 838      455F4556 
 838      545F4741 
 838      5454435F 
 838      53544F50 
 839              	.LASF60:
 840 0a6c 4359424C 		.ascii	"CYBLE_EVT_GATTS_EXEC_WRITE_REQ\000"
 840      455F4556 
 840      545F4741 
 840      5454535F 
 840      45584543 
 841              	.LASF86:
 842 0a8b 4359424C 		.ascii	"CYBLE_GATT_DB_ATTR_HANDLE_T\000"
 842      455F4741 
 842      54545F44 
 842      425F4154 
 842      54525F48 
 843              	.LASF97:
 844 0aa7 6379426C 		.ascii	"cyBle_customs\000"
 844      655F6375 
 844      73746F6D 
ARM GAS  C:\Users\Samay\AppData\Local\Temp\ccCnL6e5.s 			page 24


 844      7300
 845              	.LASF65:
 846 0ab5 4359424C 		.ascii	"CYBLE_EVT_GATTS_DATA_SIGNED_CMD_REQ\000"
 846      455F4556 
 846      545F4741 
 846      5454535F 
 846      44415441 
 847              	.LASF82:
 848 0ad9 4359424C 		.ascii	"CYBLE_EVT_HCI_PKT\000"
 848      455F4556 
 848      545F4843 
 848      495F504B 
 848      5400
 849              	.LASF35:
 850 0aeb 4359424C 		.ascii	"CYBLE_EVT_GAP_OOB_GENERATED_NOTIFICATION\000"
 850      455F4556 
 850      545F4741 
 850      505F4F4F 
 850      425F4745 
 851              		.ident	"GCC: (GNU Tools for ARM Embedded Processors) 4.9.3 20150303 (release) [ARM/embedded-4_9-br
