--------------- Clean Started: 02/20/2017 06:51:08 Project: Peripheral Server WDT Notification, Configuration: ARM GCC 4.9-2015-q1-update Debug ---------------
Deleting file ".\CortexM0\ARM_GCC_493\Debug\main.o"
Deleting file ".\CortexM0\ARM_GCC_493\Debug\cyfitter_cfg.o"
Deleting file ".\CortexM0\ARM_GCC_493\Debug\cymetadata.o"
Deleting file ".\CortexM0\ARM_GCC_493\Debug\BLE.o"
Deleting file ".\CortexM0\ARM_GCC_493\Debug\BLE_gatt.o"
Deleting file ".\CortexM0\ARM_GCC_493\Debug\BLE_eventHandler.o"
Deleting file ".\CortexM0\ARM_GCC_493\Debug\BLE_HAL_INT.o"
Deleting file ".\CortexM0\ARM_GCC_493\Debug\BLE_HAL_PVT.o"
Deleting file ".\CortexM0\ARM_GCC_493\Debug\BLE_custom.o"
Deleting file ".\CortexM0\ARM_GCC_493\Debug\GREEN_LED.o"
Deleting file ".\CortexM0\ARM_GCC_493\Debug\GREEN_LED_PM.o"
Deleting file ".\CortexM0\ARM_GCC_493\Debug\RED_LED.o"
Deleting file ".\CortexM0\ARM_GCC_493\Debug\RED_LED_PM.o"
Deleting file ".\CortexM0\ARM_GCC_493\Debug\BLUE_LED.o"
Deleting file ".\CortexM0\ARM_GCC_493\Debug\BLUE_LED_PM.o"
Deleting file ".\CortexM0\ARM_GCC_493\Debug\WdtIsr.o"
Deleting file ".\CortexM0\ARM_GCC_493\Debug\BLE_bless_isr.o"
Deleting file ".\CortexM0\ARM_GCC_493\Debug\Cm0Start.o"
Deleting file ".\CortexM0\ARM_GCC_493\Debug\CyBootAsmGnu.o"
Deleting file ".\CortexM0\ARM_GCC_493\Debug\CyFlash.o"
Deleting file ".\CortexM0\ARM_GCC_493\Debug\CyLib.o"
Deleting file ".\CortexM0\ARM_GCC_493\Debug\cyPm.o"
Deleting file ".\CortexM0\ARM_GCC_493\Debug\cyutils.o"
Deleting file ".\CortexM0\ARM_GCC_493\Debug\CyLFClk.o"
Deleting file ".\CortexM0\ARM_GCC_493\Debug\Peripheral Server WDT Notification.hex"
Deleting file ".\CortexM0\ARM_GCC_493\Debug\Peripheral Server WDT Notification.elf"
Deleting file ".\CortexM0\ARM_GCC_493\Debug\Peripheral Server WDT Notification.map"
Deleting file ".\Peripheral Server WDT Notification.cycdx"
Deleting file ".\Peripheral Server WDT Notification.rpt"
Deleting file ".\Peripheral Server WDT Notification_timing.html"
Deleting file ".\CortexM0\ARM_GCC_493\Debug\.deps\SOURCE_C__ARM_GCC_GENERIC.P"
Deleting file ".\CortexM0\ARM_GCC_493\Debug\.deps\SOURCE_ASM__ARM_GCC_GENERIC.P"
--------------- Clean Succeeded: 02/20/2017 06:51:09 ---------------
