ARM GAS  C:\Users\Samay\AppData\Local\Temp\ccvXxSAH.s 			page 1


   1              		.cpu cortex-m0
   2              		.fpu softvfp
   3              		.eabi_attribute 20, 1
   4              		.eabi_attribute 21, 1
   5              		.eabi_attribute 23, 3
   6              		.eabi_attribute 24, 1
   7              		.eabi_attribute 25, 1
   8              		.eabi_attribute 26, 1
   9              		.eabi_attribute 30, 6
  10              		.eabi_attribute 34, 0
  11              		.eabi_attribute 18, 4
  12              		.code	16
  13              		.file	"debug.c"
  14              		.text
  15              	.Ltext0:
  16              		.cfi_sections	.debug_frame
  17              		.section	.text._write,"ax",%progbits
  18              		.align	2
  19              		.global	_write
  20              		.code	16
  21              		.thumb_func
  22              		.type	_write, %function
  23              	_write:
  24              	.LFB37:
  25              		.file 1 "debug.c"
   1:debug.c       **** /* ========================================
   2:debug.c       ****  *
   3:debug.c       ****  * Copyright YOUR COMPANY, THE YEAR
   4:debug.c       ****  * All Rights Reserved
   5:debug.c       ****  * UNPUBLISHED, LICENSED SOFTWARE.
   6:debug.c       ****  *
   7:debug.c       ****  * CONFIDENTIAL AND PROPRIETARY INFORMATION
   8:debug.c       ****  * WHICH IS THE PROPERTY OF your company.
   9:debug.c       ****  *
  10:debug.c       ****  * ========================================
  11:debug.c       **** */
  12:debug.c       **** 
  13:debug.c       **** #include "debug.h"
  14:debug.c       **** 
  15:debug.c       **** 
  16:debug.c       **** #if defined(__ARMCC_VERSION)
  17:debug.c       ****     
  18:debug.c       **** /* For MDK/RVDS compiler revise fputc function for printf functionality */
  19:debug.c       **** struct __FILE 
  20:debug.c       **** {
  21:debug.c       ****     int handle;  
  22:debug.c       **** };
  23:debug.c       **** 
  24:debug.c       **** enum 
  25:debug.c       **** {
  26:debug.c       ****     STDIN_HANDLE,
  27:debug.c       ****     STDOUT_HANDLE,
  28:debug.c       ****     STDERR_HANDLE
  29:debug.c       **** };
  30:debug.c       **** 
  31:debug.c       **** FILE __stdin = {STDIN_HANDLE};
  32:debug.c       **** FILE __stdout = {STDOUT_HANDLE};
ARM GAS  C:\Users\Samay\AppData\Local\Temp\ccvXxSAH.s 			page 2


  33:debug.c       **** FILE __stderr = {STDERR_HANDLE};
  34:debug.c       **** 
  35:debug.c       **** int fputc(int ch, FILE *file) 
  36:debug.c       **** {
  37:debug.c       ****     int ret = EOF;
  38:debug.c       **** 
  39:debug.c       ****     switch( file->handle )
  40:debug.c       ****     {
  41:debug.c       ****         case STDOUT_HANDLE:
  42:debug.c       ****             UART_DEB_UartPutChar(ch);
  43:debug.c       ****             ret = ch ;
  44:debug.c       ****             break ;
  45:debug.c       **** 
  46:debug.c       ****         case STDERR_HANDLE:
  47:debug.c       ****             ret = ch ;
  48:debug.c       ****             break ;
  49:debug.c       **** 
  50:debug.c       ****         default:
  51:debug.c       ****             file = file;
  52:debug.c       ****             break ;
  53:debug.c       ****     }
  54:debug.c       ****     return ret ;
  55:debug.c       **** }
  56:debug.c       **** 
  57:debug.c       **** #elif defined (__ICCARM__)      /* IAR */
  58:debug.c       **** 
  59:debug.c       **** /* For IAR compiler revise __write() function for printf functionality */
  60:debug.c       **** size_t __write(int handle, const unsigned char * buffer, size_t size)
  61:debug.c       **** {
  62:debug.c       ****     size_t nChars = 0;
  63:debug.c       **** 
  64:debug.c       ****     if (buffer == 0)
  65:debug.c       ****     {
  66:debug.c       ****         /*
  67:debug.c       ****          * This means that we should flush internal buffers.  Since we
  68:debug.c       ****          * don't we just return.  (Remember, "handle" == -1 means that all
  69:debug.c       ****          * handles should be flushed.)
  70:debug.c       ****          */
  71:debug.c       ****         return (0);
  72:debug.c       ****     }
  73:debug.c       **** 
  74:debug.c       ****     for (/* Empty */; size != 0; --size)
  75:debug.c       ****     {
  76:debug.c       ****         UART_DEB_UartPutChar(*buffer++);
  77:debug.c       ****         ++nChars;
  78:debug.c       ****     }
  79:debug.c       **** 
  80:debug.c       ****     return (nChars);
  81:debug.c       **** }
  82:debug.c       **** 
  83:debug.c       **** #else  /* (__GNUC__)  GCC */
  84:debug.c       **** 
  85:debug.c       **** /* For GCC compiler revise _write() function for printf functionality */
  86:debug.c       **** int _write(int file, char *ptr, int len)
  87:debug.c       **** {
  26              		.loc 1 87 0
  27              		.cfi_startproc
ARM GAS  C:\Users\Samay\AppData\Local\Temp\ccvXxSAH.s 			page 3


  28 0000 80B5     		push	{r7, lr}
  29              		.cfi_def_cfa_offset 8
  30              		.cfi_offset 7, -8
  31              		.cfi_offset 14, -4
  32 0002 86B0     		sub	sp, sp, #24
  33              		.cfi_def_cfa_offset 32
  34 0004 00AF     		add	r7, sp, #0
  35              		.cfi_def_cfa_register 7
  36 0006 F860     		str	r0, [r7, #12]
  37 0008 B960     		str	r1, [r7, #8]
  38 000a 7A60     		str	r2, [r7, #4]
  88:debug.c       ****     int i;
  89:debug.c       ****     file = file;
  90:debug.c       ****     for (i = 0; i < len; i++)
  39              		.loc 1 90 0
  40 000c 0023     		mov	r3, #0
  41 000e 7B61     		str	r3, [r7, #20]
  42 0010 09E0     		b	.L2
  43              	.L3:
  44              	.LBB2:
  91:debug.c       ****     {
  92:debug.c       ****         UART_UartPutChar(*ptr++);
  45              		.loc 1 92 0 discriminator 3
  46 0012 BB68     		ldr	r3, [r7, #8]
  47 0014 5A1C     		add	r2, r3, #1
  48 0016 BA60     		str	r2, [r7, #8]
  49 0018 1B78     		ldrb	r3, [r3]
  50 001a 181C     		mov	r0, r3
  51 001c FFF7FEFF 		bl	UART_UartPutChar
  52              	.LBE2:
  90:debug.c       ****     {
  53              		.loc 1 90 0 discriminator 3
  54 0020 7B69     		ldr	r3, [r7, #20]
  55 0022 0133     		add	r3, r3, #1
  56 0024 7B61     		str	r3, [r7, #20]
  57              	.L2:
  90:debug.c       ****     {
  58              		.loc 1 90 0 is_stmt 0 discriminator 1
  59 0026 7A69     		ldr	r2, [r7, #20]
  60 0028 7B68     		ldr	r3, [r7, #4]
  61 002a 9A42     		cmp	r2, r3
  62 002c F1DB     		blt	.L3
  93:debug.c       ****     }
  94:debug.c       ****     return len;
  63              		.loc 1 94 0 is_stmt 1
  64 002e 7B68     		ldr	r3, [r7, #4]
  95:debug.c       **** }
  65              		.loc 1 95 0
  66 0030 181C     		mov	r0, r3
  67 0032 BD46     		mov	sp, r7
  68 0034 06B0     		add	sp, sp, #24
  69              		@ sp needed
  70 0036 80BD     		pop	{r7, pc}
  71              		.cfi_endproc
  72              	.LFE37:
  73              		.size	_write, .-_write
  74              		.text
ARM GAS  C:\Users\Samay\AppData\Local\Temp\ccvXxSAH.s 			page 4


  75              	.Letext0:
  76              		.section	.debug_info,"",%progbits
  77              	.Ldebug_info0:
  78 0000 ED000000 		.4byte	0xed
  79 0004 0400     		.2byte	0x4
  80 0006 00000000 		.4byte	.Ldebug_abbrev0
  81 000a 04       		.byte	0x4
  82 000b 01       		.uleb128 0x1
  83 000c 0E000000 		.4byte	.LASF14
  84 0010 01       		.byte	0x1
  85 0011 71010000 		.4byte	.LASF15
  86 0015 0B010000 		.4byte	.LASF16
  87 0019 00000000 		.4byte	.Ldebug_ranges0+0
  88 001d 00000000 		.4byte	0
  89 0021 00000000 		.4byte	.Ldebug_line0
  90 0025 02       		.uleb128 0x2
  91 0026 01       		.byte	0x1
  92 0027 06       		.byte	0x6
  93 0028 65010000 		.4byte	.LASF0
  94 002c 02       		.uleb128 0x2
  95 002d 01       		.byte	0x1
  96 002e 08       		.byte	0x8
  97 002f D9000000 		.4byte	.LASF1
  98 0033 02       		.uleb128 0x2
  99 0034 02       		.byte	0x2
 100 0035 05       		.byte	0x5
 101 0036 7F010000 		.4byte	.LASF2
 102 003a 02       		.uleb128 0x2
 103 003b 02       		.byte	0x2
 104 003c 07       		.byte	0x7
 105 003d 52010000 		.4byte	.LASF3
 106 0041 02       		.uleb128 0x2
 107 0042 04       		.byte	0x4
 108 0043 05       		.byte	0x5
 109 0044 EC000000 		.4byte	.LASF4
 110 0048 02       		.uleb128 0x2
 111 0049 04       		.byte	0x4
 112 004a 07       		.byte	0x7
 113 004b A9000000 		.4byte	.LASF5
 114 004f 02       		.uleb128 0x2
 115 0050 08       		.byte	0x8
 116 0051 05       		.byte	0x5
 117 0052 00000000 		.4byte	.LASF6
 118 0056 02       		.uleb128 0x2
 119 0057 08       		.byte	0x8
 120 0058 07       		.byte	0x7
 121 0059 BB000000 		.4byte	.LASF7
 122 005d 03       		.uleb128 0x3
 123 005e 04       		.byte	0x4
 124 005f 05       		.byte	0x5
 125 0060 696E7400 		.ascii	"int\000"
 126 0064 02       		.uleb128 0x2
 127 0065 04       		.byte	0x4
 128 0066 07       		.byte	0x7
 129 0067 9C000000 		.4byte	.LASF8
 130 006b 02       		.uleb128 0x2
 131 006c 04       		.byte	0x4
ARM GAS  C:\Users\Samay\AppData\Local\Temp\ccvXxSAH.s 			page 5


 132 006d 07       		.byte	0x7
 133 006e 89010000 		.4byte	.LASF9
 134 0072 04       		.uleb128 0x4
 135 0073 04       		.byte	0x4
 136 0074 78000000 		.4byte	0x78
 137 0078 02       		.uleb128 0x2
 138 0079 01       		.byte	0x1
 139 007a 08       		.byte	0x8
 140 007b E7000000 		.4byte	.LASF10
 141 007f 02       		.uleb128 0x2
 142 0080 04       		.byte	0x4
 143 0081 04       		.byte	0x4
 144 0082 79010000 		.4byte	.LASF11
 145 0086 02       		.uleb128 0x2
 146 0087 08       		.byte	0x8
 147 0088 04       		.byte	0x4
 148 0089 4B010000 		.4byte	.LASF12
 149 008d 05       		.uleb128 0x5
 150 008e D2000000 		.4byte	.LASF17
 151 0092 01       		.byte	0x1
 152 0093 56       		.byte	0x56
 153 0094 5D000000 		.4byte	0x5d
 154 0098 00000000 		.4byte	.LFB37
 155 009c 38000000 		.4byte	.LFE37-.LFB37
 156 00a0 01       		.uleb128 0x1
 157 00a1 9C       		.byte	0x9c
 158 00a2 06       		.uleb128 0x6
 159 00a3 06010000 		.4byte	.LASF13
 160 00a7 01       		.byte	0x1
 161 00a8 56       		.byte	0x56
 162 00a9 5D000000 		.4byte	0x5d
 163 00ad 02       		.uleb128 0x2
 164 00ae 91       		.byte	0x91
 165 00af 6C       		.sleb128 -20
 166 00b0 07       		.uleb128 0x7
 167 00b1 70747200 		.ascii	"ptr\000"
 168 00b5 01       		.byte	0x1
 169 00b6 56       		.byte	0x56
 170 00b7 72000000 		.4byte	0x72
 171 00bb 02       		.uleb128 0x2
 172 00bc 91       		.byte	0x91
 173 00bd 68       		.sleb128 -24
 174 00be 07       		.uleb128 0x7
 175 00bf 6C656E00 		.ascii	"len\000"
 176 00c3 01       		.byte	0x1
 177 00c4 56       		.byte	0x56
 178 00c5 5D000000 		.4byte	0x5d
 179 00c9 02       		.uleb128 0x2
 180 00ca 91       		.byte	0x91
 181 00cb 64       		.sleb128 -28
 182 00cc 08       		.uleb128 0x8
 183 00cd 6900     		.ascii	"i\000"
 184 00cf 01       		.byte	0x1
 185 00d0 58       		.byte	0x58
 186 00d1 5D000000 		.4byte	0x5d
 187 00d5 02       		.uleb128 0x2
 188 00d6 91       		.byte	0x91
ARM GAS  C:\Users\Samay\AppData\Local\Temp\ccvXxSAH.s 			page 6


 189 00d7 74       		.sleb128 -12
 190 00d8 09       		.uleb128 0x9
 191 00d9 12000000 		.4byte	.LBB2
 192 00dd 0E000000 		.4byte	.LBE2-.LBB2
 193 00e1 0A       		.uleb128 0xa
 194 00e2 F5000000 		.4byte	.LASF18
 195 00e6 01       		.byte	0x1
 196 00e7 5C       		.byte	0x5c
 197 00e8 5D000000 		.4byte	0x5d
 198 00ec 0B       		.uleb128 0xb
 199 00ed 00       		.byte	0
 200 00ee 00       		.byte	0
 201 00ef 00       		.byte	0
 202 00f0 00       		.byte	0
 203              		.section	.debug_abbrev,"",%progbits
 204              	.Ldebug_abbrev0:
 205 0000 01       		.uleb128 0x1
 206 0001 11       		.uleb128 0x11
 207 0002 01       		.byte	0x1
 208 0003 25       		.uleb128 0x25
 209 0004 0E       		.uleb128 0xe
 210 0005 13       		.uleb128 0x13
 211 0006 0B       		.uleb128 0xb
 212 0007 03       		.uleb128 0x3
 213 0008 0E       		.uleb128 0xe
 214 0009 1B       		.uleb128 0x1b
 215 000a 0E       		.uleb128 0xe
 216 000b 55       		.uleb128 0x55
 217 000c 17       		.uleb128 0x17
 218 000d 11       		.uleb128 0x11
 219 000e 01       		.uleb128 0x1
 220 000f 10       		.uleb128 0x10
 221 0010 17       		.uleb128 0x17
 222 0011 00       		.byte	0
 223 0012 00       		.byte	0
 224 0013 02       		.uleb128 0x2
 225 0014 24       		.uleb128 0x24
 226 0015 00       		.byte	0
 227 0016 0B       		.uleb128 0xb
 228 0017 0B       		.uleb128 0xb
 229 0018 3E       		.uleb128 0x3e
 230 0019 0B       		.uleb128 0xb
 231 001a 03       		.uleb128 0x3
 232 001b 0E       		.uleb128 0xe
 233 001c 00       		.byte	0
 234 001d 00       		.byte	0
 235 001e 03       		.uleb128 0x3
 236 001f 24       		.uleb128 0x24
 237 0020 00       		.byte	0
 238 0021 0B       		.uleb128 0xb
 239 0022 0B       		.uleb128 0xb
 240 0023 3E       		.uleb128 0x3e
 241 0024 0B       		.uleb128 0xb
 242 0025 03       		.uleb128 0x3
 243 0026 08       		.uleb128 0x8
 244 0027 00       		.byte	0
 245 0028 00       		.byte	0
ARM GAS  C:\Users\Samay\AppData\Local\Temp\ccvXxSAH.s 			page 7


 246 0029 04       		.uleb128 0x4
 247 002a 0F       		.uleb128 0xf
 248 002b 00       		.byte	0
 249 002c 0B       		.uleb128 0xb
 250 002d 0B       		.uleb128 0xb
 251 002e 49       		.uleb128 0x49
 252 002f 13       		.uleb128 0x13
 253 0030 00       		.byte	0
 254 0031 00       		.byte	0
 255 0032 05       		.uleb128 0x5
 256 0033 2E       		.uleb128 0x2e
 257 0034 01       		.byte	0x1
 258 0035 3F       		.uleb128 0x3f
 259 0036 19       		.uleb128 0x19
 260 0037 03       		.uleb128 0x3
 261 0038 0E       		.uleb128 0xe
 262 0039 3A       		.uleb128 0x3a
 263 003a 0B       		.uleb128 0xb
 264 003b 3B       		.uleb128 0x3b
 265 003c 0B       		.uleb128 0xb
 266 003d 27       		.uleb128 0x27
 267 003e 19       		.uleb128 0x19
 268 003f 49       		.uleb128 0x49
 269 0040 13       		.uleb128 0x13
 270 0041 11       		.uleb128 0x11
 271 0042 01       		.uleb128 0x1
 272 0043 12       		.uleb128 0x12
 273 0044 06       		.uleb128 0x6
 274 0045 40       		.uleb128 0x40
 275 0046 18       		.uleb128 0x18
 276 0047 9642     		.uleb128 0x2116
 277 0049 19       		.uleb128 0x19
 278 004a 00       		.byte	0
 279 004b 00       		.byte	0
 280 004c 06       		.uleb128 0x6
 281 004d 05       		.uleb128 0x5
 282 004e 00       		.byte	0
 283 004f 03       		.uleb128 0x3
 284 0050 0E       		.uleb128 0xe
 285 0051 3A       		.uleb128 0x3a
 286 0052 0B       		.uleb128 0xb
 287 0053 3B       		.uleb128 0x3b
 288 0054 0B       		.uleb128 0xb
 289 0055 49       		.uleb128 0x49
 290 0056 13       		.uleb128 0x13
 291 0057 02       		.uleb128 0x2
 292 0058 18       		.uleb128 0x18
 293 0059 00       		.byte	0
 294 005a 00       		.byte	0
 295 005b 07       		.uleb128 0x7
 296 005c 05       		.uleb128 0x5
 297 005d 00       		.byte	0
 298 005e 03       		.uleb128 0x3
 299 005f 08       		.uleb128 0x8
 300 0060 3A       		.uleb128 0x3a
 301 0061 0B       		.uleb128 0xb
 302 0062 3B       		.uleb128 0x3b
ARM GAS  C:\Users\Samay\AppData\Local\Temp\ccvXxSAH.s 			page 8


 303 0063 0B       		.uleb128 0xb
 304 0064 49       		.uleb128 0x49
 305 0065 13       		.uleb128 0x13
 306 0066 02       		.uleb128 0x2
 307 0067 18       		.uleb128 0x18
 308 0068 00       		.byte	0
 309 0069 00       		.byte	0
 310 006a 08       		.uleb128 0x8
 311 006b 34       		.uleb128 0x34
 312 006c 00       		.byte	0
 313 006d 03       		.uleb128 0x3
 314 006e 08       		.uleb128 0x8
 315 006f 3A       		.uleb128 0x3a
 316 0070 0B       		.uleb128 0xb
 317 0071 3B       		.uleb128 0x3b
 318 0072 0B       		.uleb128 0xb
 319 0073 49       		.uleb128 0x49
 320 0074 13       		.uleb128 0x13
 321 0075 02       		.uleb128 0x2
 322 0076 18       		.uleb128 0x18
 323 0077 00       		.byte	0
 324 0078 00       		.byte	0
 325 0079 09       		.uleb128 0x9
 326 007a 0B       		.uleb128 0xb
 327 007b 01       		.byte	0x1
 328 007c 11       		.uleb128 0x11
 329 007d 01       		.uleb128 0x1
 330 007e 12       		.uleb128 0x12
 331 007f 06       		.uleb128 0x6
 332 0080 00       		.byte	0
 333 0081 00       		.byte	0
 334 0082 0A       		.uleb128 0xa
 335 0083 2E       		.uleb128 0x2e
 336 0084 01       		.byte	0x1
 337 0085 3F       		.uleb128 0x3f
 338 0086 19       		.uleb128 0x19
 339 0087 03       		.uleb128 0x3
 340 0088 0E       		.uleb128 0xe
 341 0089 3A       		.uleb128 0x3a
 342 008a 0B       		.uleb128 0xb
 343 008b 3B       		.uleb128 0x3b
 344 008c 0B       		.uleb128 0xb
 345 008d 49       		.uleb128 0x49
 346 008e 13       		.uleb128 0x13
 347 008f 3C       		.uleb128 0x3c
 348 0090 19       		.uleb128 0x19
 349 0091 00       		.byte	0
 350 0092 00       		.byte	0
 351 0093 0B       		.uleb128 0xb
 352 0094 18       		.uleb128 0x18
 353 0095 00       		.byte	0
 354 0096 00       		.byte	0
 355 0097 00       		.byte	0
 356 0098 00       		.byte	0
 357              		.section	.debug_aranges,"",%progbits
 358 0000 1C000000 		.4byte	0x1c
 359 0004 0200     		.2byte	0x2
ARM GAS  C:\Users\Samay\AppData\Local\Temp\ccvXxSAH.s 			page 9


 360 0006 00000000 		.4byte	.Ldebug_info0
 361 000a 04       		.byte	0x4
 362 000b 00       		.byte	0
 363 000c 0000     		.2byte	0
 364 000e 0000     		.2byte	0
 365 0010 00000000 		.4byte	.LFB37
 366 0014 38000000 		.4byte	.LFE37-.LFB37
 367 0018 00000000 		.4byte	0
 368 001c 00000000 		.4byte	0
 369              		.section	.debug_ranges,"",%progbits
 370              	.Ldebug_ranges0:
 371 0000 00000000 		.4byte	.LFB37
 372 0004 38000000 		.4byte	.LFE37
 373 0008 00000000 		.4byte	0
 374 000c 00000000 		.4byte	0
 375              		.section	.debug_line,"",%progbits
 376              	.Ldebug_line0:
 377 0000 48000000 		.section	.debug_str,"MS",%progbits,1
 377      02001E00 
 377      00000201 
 377      FB0E0D00 
 377      01010101 
 378              	.LASF6:
 379 0000 6C6F6E67 		.ascii	"long long int\000"
 379      206C6F6E 
 379      6720696E 
 379      7400
 380              	.LASF14:
 381 000e 474E5520 		.ascii	"GNU C 4.9.3 20150303 (release) [ARM/embedded-4_9-br"
 381      4320342E 
 381      392E3320 
 381      32303135 
 381      30333033 
 382 0041 616E6368 		.ascii	"anch revision 221220] -mcpu=cortex-m0 -mthumb -g -O"
 382      20726576 
 382      6973696F 
 382      6E203232 
 382      31323230 
 383 0074 30202D66 		.ascii	"0 -ffunction-sections -ffat-lto-objects\000"
 383      66756E63 
 383      74696F6E 
 383      2D736563 
 383      74696F6E 
 384              	.LASF8:
 385 009c 756E7369 		.ascii	"unsigned int\000"
 385      676E6564 
 385      20696E74 
 385      00
 386              	.LASF5:
 387 00a9 6C6F6E67 		.ascii	"long unsigned int\000"
 387      20756E73 
 387      69676E65 
 387      6420696E 
 387      7400
 388              	.LASF7:
 389 00bb 6C6F6E67 		.ascii	"long long unsigned int\000"
 389      206C6F6E 
ARM GAS  C:\Users\Samay\AppData\Local\Temp\ccvXxSAH.s 			page 10


 389      6720756E 
 389      7369676E 
 389      65642069 
 390              	.LASF17:
 391 00d2 5F777269 		.ascii	"_write\000"
 391      746500
 392              	.LASF1:
 393 00d9 756E7369 		.ascii	"unsigned char\000"
 393      676E6564 
 393      20636861 
 393      7200
 394              	.LASF10:
 395 00e7 63686172 		.ascii	"char\000"
 395      00
 396              	.LASF4:
 397 00ec 6C6F6E67 		.ascii	"long int\000"
 397      20696E74 
 397      00
 398              	.LASF18:
 399 00f5 55415254 		.ascii	"UART_UartPutChar\000"
 399      5F556172 
 399      74507574 
 399      43686172 
 399      00
 400              	.LASF13:
 401 0106 66696C65 		.ascii	"file\000"
 401      00
 402              	.LASF16:
 403 010b 433A5C55 		.ascii	"C:\\Users\\Samay\\Desktop\\Peripheral Server WDT No"
 403      73657273 
 403      5C53616D 
 403      61795C44 
 403      65736B74 
 404 013a 74696669 		.ascii	"tification.cydsn\000"
 404      63617469 
 404      6F6E2E63 
 404      7964736E 
 404      00
 405              	.LASF12:
 406 014b 646F7562 		.ascii	"double\000"
 406      6C6500
 407              	.LASF3:
 408 0152 73686F72 		.ascii	"short unsigned int\000"
 408      7420756E 
 408      7369676E 
 408      65642069 
 408      6E7400
 409              	.LASF0:
 410 0165 7369676E 		.ascii	"signed char\000"
 410      65642063 
 410      68617200 
 411              	.LASF15:
 412 0171 64656275 		.ascii	"debug.c\000"
 412      672E6300 
 413              	.LASF11:
 414 0179 666C6F61 		.ascii	"float\000"
 414      7400
ARM GAS  C:\Users\Samay\AppData\Local\Temp\ccvXxSAH.s 			page 11


 415              	.LASF2:
 416 017f 73686F72 		.ascii	"short int\000"
 416      7420696E 
 416      7400
 417              	.LASF9:
 418 0189 73697A65 		.ascii	"sizetype\000"
 418      74797065 
 418      00
 419              		.ident	"GCC: (GNU Tools for ARM Embedded Processors) 4.9.3 20150303 (release) [ARM/embedded-4_9-br
